objc[25525]: Class AXEmojiUtilities is implemented in both /Applications/Xcode.app/Contents/Developer/Platforms/iPhoneSimulator.platform/Developer/SDKs/iPhoneSimulator7.1.sdk/System/Library/PrivateFrameworks/AccessibilityUtilities.framework/AccessibilityUtilities and /Applications/Xcode.app/Contents/Developer/Platforms/iPhoneSimulator.platform/Developer/SDKs/iPhoneSimulator7.1.sdk/usr/lib/libAXSpeechManager.dylib. One of the two will be used. Which one is undefined.
2014-06-28 01:28:17.347 Weather[25525:70b] Cannot find executable for CFBundle 0xa270840 </Applications/Xcode.app/Contents/Developer/Platforms/iPhoneSimulator.platform/Developer/SDKs/iPhoneSimulator7.1.sdk/System/Library/AccessibilityBundles/Weather.axbundle> (not loaded)
2014-06-28 01:28:17.360 Weather[25525:70b] Cannot find executable for CFBundle 0xa790b80 </Applications/Xcode.app/Contents/Developer/Platforms/iPhoneSimulator.platform/Developer/SDKs/iPhoneSimulator7.1.sdk/System/Library/AccessibilityBundles/GeoServices.axbundle> (not loaded)
2014-06-28 01:28:17.365 Weather[25525:70b] Cannot find executable for CFBundle 0xa57fa90 </Applications/Xcode.app/Contents/Developer/Platforms/iPhoneSimulator.platform/Developer/SDKs/iPhoneSimulator7.1.sdk/System/Library/AccessibilityBundles/CertUIFramework.axbundle> (not loaded)
2014-06-28 01:28:17.392 Weather[25525:70b] Multi-tasking -> Device: YES, App: YES
2014-06-28 01:28:17.399 Weather[25525:70b] Unlimited access to network resources
2014-06-28 01:28:17.401 Weather[25525:70b] 

Started backup to iCloud! Please be careful.
Your application might rejected by Apple if you store too much data.
For more information please read "iOS Data Storage Guidelines"
You could find it at the following address https://developer.apple.com/icloud/documentation/data-storage/ .

2014-06-28 01:28:17.586 Weather[25525:70b] Resetting plugins due to page load.
2014-06-28 01:28:17.668 Weather[25525:70b] Finished load of: file:///Users/fatih/Library/Application%20Support/iPhone%20Simulator/7.1/Applications/960AC5D8-FA78-4704-80C0-05116501D111/Weather.app/www/index.html#/weather
objc[25631]: Class AXEmojiUtilities is implemented in both /Applications/Xcode.app/Contents/Developer/Platforms/iPhoneSimulator.platform/Developer/SDKs/iPhoneSimulator7.1.sdk/System/Library/PrivateFrameworks/AccessibilityUtilities.framework/AccessibilityUtilities and /Applications/Xcode.app/Contents/Developer/Platforms/iPhoneSimulator.platform/Developer/SDKs/iPhoneSimulator7.1.sdk/usr/lib/libAXSpeechManager.dylib. One of the two will be used. Which one is undefined.
2014-06-28 01:28:52.306 Weather[25631:70b] Cannot find executable for CFBundle 0xa537500 </Applications/Xcode.app/Contents/Developer/Platforms/iPhoneSimulator.platform/Developer/SDKs/iPhoneSimulator7.1.sdk/System/Library/AccessibilityBundles/Weather.axbundle> (not loaded)
2014-06-28 01:28:52.328 Weather[25631:70b] Cannot find executable for CFBundle 0xa544d40 </Applications/Xcode.app/Contents/Developer/Platforms/iPhoneSimulator.platform/Developer/SDKs/iPhoneSimulator7.1.sdk/System/Library/AccessibilityBundles/GeoServices.axbundle> (not loaded)
2014-06-28 01:28:52.334 Weather[25631:70b] Cannot find executable for CFBundle 0xa735ea0 </Applications/Xcode.app/Contents/Developer/Platforms/iPhoneSimulator.platform/Developer/SDKs/iPhoneSimulator7.1.sdk/System/Library/AccessibilityBundles/CertUIFramework.axbundle> (not loaded)
2014-06-28 01:28:52.360 Weather[25631:70b] Multi-tasking -> Device: YES, App: YES
2014-06-28 01:28:52.367 Weather[25631:70b] Unlimited access to network resources
2014-06-28 01:28:52.369 Weather[25631:70b] 

Started backup to iCloud! Please be careful.
Your application might rejected by Apple if you store too much data.
For more information please read "iOS Data Storage Guidelines"
You could find it at the following address https://developer.apple.com/icloud/documentation/data-storage/ .

2014-06-28 01:28:52.520 Weather[25631:70b] Resetting plugins due to page load.
2014-06-28 01:28:52.582 Weather[25631:70b] Finished load of: file:///Users/fatih/Library/Application%20Support/iPhone%20Simulator/7.1/Applications/960AC5D8-FA78-4704-80C0-05116501D111/Weather.app/www/index.html#/weather
objc[25736]: Class AXEmojiUtilities is implemented in both /Applications/Xcode.app/Contents/Developer/Platforms/iPhoneSimulator.platform/Developer/SDKs/iPhoneSimulator7.1.sdk/System/Library/PrivateFrameworks/AccessibilityUtilities.framework/AccessibilityUtilities and /Applications/Xcode.app/Contents/Developer/Platforms/iPhoneSimulator.platform/Developer/SDKs/iPhoneSimulator7.1.sdk/usr/lib/libAXSpeechManager.dylib. One of the two will be used. Which one is undefined.
2014-06-28 01:29:47.164 Weather[25736:70b] Cannot find executable for CFBundle 0xa83ae80 </Applications/Xcode.app/Contents/Developer/Platforms/iPhoneSimulator.platform/Developer/SDKs/iPhoneSimulator7.1.sdk/System/Library/AccessibilityBundles/Weather.axbundle> (not loaded)
2014-06-28 01:29:47.180 Weather[25736:70b] Cannot find executable for CFBundle 0xaa32a80 </Applications/Xcode.app/Contents/Developer/Platforms/iPhoneSimulator.platform/Developer/SDKs/iPhoneSimulator7.1.sdk/System/Library/AccessibilityBundles/GeoServices.axbundle> (not loaded)
2014-06-28 01:29:47.197 Weather[25736:70b] Cannot find executable for CFBundle 0xa87b920 </Applications/Xcode.app/Contents/Developer/Platforms/iPhoneSimulator.platform/Developer/SDKs/iPhoneSimulator7.1.sdk/System/Library/AccessibilityBundles/CertUIFramework.axbundle> (not loaded)
2014-06-28 01:29:47.260 Weather[25736:70b] Multi-tasking -> Device: YES, App: YES
2014-06-28 01:29:47.269 Weather[25736:70b] Unlimited access to network resources
2014-06-28 01:29:47.271 Weather[25736:70b] 

Started backup to iCloud! Please be careful.
Your application might rejected by Apple if you store too much data.
For more information please read "iOS Data Storage Guidelines"
You could find it at the following address https://developer.apple.com/icloud/documentation/data-storage/ .

2014-06-28 01:29:47.443 Weather[25736:70b] Resetting plugins due to page load.
2014-06-28 01:29:47.504 Weather[25736:70b] Finished load of: file:///Users/fatih/Library/Application%20Support/iPhone%20Simulator/7.1/Applications/960AC5D8-FA78-4704-80C0-05116501D111/Weather.app/www/index.html#/weather
objc[25839]: Class AXEmojiUtilities is implemented in both /Applications/Xcode.app/Contents/Developer/Platforms/iPhoneSimulator.platform/Developer/SDKs/iPhoneSimulator7.1.sdk/System/Library/PrivateFrameworks/AccessibilityUtilities.framework/AccessibilityUtilities and /Applications/Xcode.app/Contents/Developer/Platforms/iPhoneSimulator.platform/Developer/SDKs/iPhoneSimulator7.1.sdk/usr/lib/libAXSpeechManager.dylib. One of the two will be used. Which one is undefined.
2014-06-28 01:30:10.701 Weather[25839:70b] Cannot find executable for CFBundle 0xa2362d0 </Applications/Xcode.app/Contents/Developer/Platforms/iPhoneSimulator.platform/Developer/SDKs/iPhoneSimulator7.1.sdk/System/Library/AccessibilityBundles/Weather.axbundle> (not loaded)
2014-06-28 01:30:10.715 Weather[25839:70b] Cannot find executable for CFBundle 0xaf21d60 </Applications/Xcode.app/Contents/Developer/Platforms/iPhoneSimulator.platform/Developer/SDKs/iPhoneSimulator7.1.sdk/System/Library/AccessibilityBundles/CertUIFramework.axbundle> (not loaded)
2014-06-28 01:30:10.721 Weather[25839:70b] Cannot find executable for CFBundle 0xa2432b0 </Applications/Xcode.app/Contents/Developer/Platforms/iPhoneSimulator.platform/Developer/SDKs/iPhoneSimulator7.1.sdk/System/Library/AccessibilityBundles/GeoServices.axbundle> (not loaded)
2014-06-28 01:30:10.744 Weather[25839:70b] Multi-tasking -> Device: YES, App: YES
2014-06-28 01:30:10.752 Weather[25839:70b] Unlimited access to network resources
2014-06-28 01:30:10.754 Weather[25839:70b] 

Started backup to iCloud! Please be careful.
Your application might rejected by Apple if you store too much data.
For more information please read "iOS Data Storage Guidelines"
You could find it at the following address https://developer.apple.com/icloud/documentation/data-storage/ .

2014-06-28 01:30:11.000 Weather[25839:70b] Resetting plugins due to page load.
2014-06-28 01:30:11.078 Weather[25839:70b] Finished load of: file:///Users/fatih/Library/Application%20Support/iPhone%20Simulator/7.1/Applications/960AC5D8-FA78-4704-80C0-05116501D111/Weather.app/www/index.html#/weather
objc[26484]: Class AXEmojiUtilities is implemented in both /Applications/Xcode.app/Contents/Developer/Platforms/iPhoneSimulator.platform/Developer/SDKs/iPhoneSimulator7.1.sdk/System/Library/PrivateFrameworks/AccessibilityUtilities.framework/AccessibilityUtilities and /Applications/Xcode.app/Contents/Developer/Platforms/iPhoneSimulator.platform/Developer/SDKs/iPhoneSimulator7.1.sdk/usr/lib/libAXSpeechManager.dylib. One of the two will be used. Which one is undefined.
2014-06-28 15:28:23.512 Weather[26484:70b] Cannot find executable for CFBundle 0xa686a30 </Applications/Xcode.app/Contents/Developer/Platforms/iPhoneSimulator.platform/Developer/SDKs/iPhoneSimulator7.1.sdk/System/Library/AccessibilityBundles/Weather.axbundle> (not loaded)
2014-06-28 15:28:23.524 Weather[26484:70b] Cannot find executable for CFBundle 0xa57b420 </Applications/Xcode.app/Contents/Developer/Platforms/iPhoneSimulator.platform/Developer/SDKs/iPhoneSimulator7.1.sdk/System/Library/AccessibilityBundles/GeoServices.axbundle> (not loaded)
2014-06-28 15:28:23.532 Weather[26484:70b] Cannot find executable for CFBundle 0xa57b4f0 </Applications/Xcode.app/Contents/Developer/Platforms/iPhoneSimulator.platform/Developer/SDKs/iPhoneSimulator7.1.sdk/System/Library/AccessibilityBundles/CertUIFramework.axbundle> (not loaded)
2014-06-28 15:28:23.572 Weather[26484:70b] Multi-tasking -> Device: YES, App: YES
2014-06-28 15:28:23.577 Weather[26484:70b] Unlimited access to network resources
2014-06-28 15:28:23.580 Weather[26484:70b] 

Started backup to iCloud! Please be careful.
Your application might rejected by Apple if you store too much data.
For more information please read "iOS Data Storage Guidelines"
You could find it at the following address https://developer.apple.com/icloud/documentation/data-storage/ .

2014-06-28 15:28:23.858 Weather[26484:70b] Resetting plugins due to page load.
2014-06-28 15:28:23.966 Weather[26484:70b] Finished load of: file:///Users/fatih/Library/Application%20Support/iPhone%20Simulator/7.1/Applications/960AC5D8-FA78-4704-80C0-05116501D111/Weather.app/www/index.html#/weather
objc[27599]: Class AXEmojiUtilities is implemented in both /Applications/Xcode.app/Contents/Developer/Platforms/iPhoneSimulator.platform/Developer/SDKs/iPhoneSimulator7.1.sdk/System/Library/PrivateFrameworks/AccessibilityUtilities.framework/AccessibilityUtilities and /Applications/Xcode.app/Contents/Developer/Platforms/iPhoneSimulator.platform/Developer/SDKs/iPhoneSimulator7.1.sdk/usr/lib/libAXSpeechManager.dylib. One of the two will be used. Which one is undefined.
2014-06-28 16:16:00.526 Weather[27599:70b] Cannot find executable for CFBundle 0xa22f750 </Applications/Xcode.app/Contents/Developer/Platforms/iPhoneSimulator.platform/Developer/SDKs/iPhoneSimulator7.1.sdk/System/Library/AccessibilityBundles/Weather.axbundle> (not loaded)
2014-06-28 16:16:00.538 Weather[27599:70b] Cannot find executable for CFBundle 0xa243990 </Applications/Xcode.app/Contents/Developer/Platforms/iPhoneSimulator.platform/Developer/SDKs/iPhoneSimulator7.1.sdk/System/Library/AccessibilityBundles/GeoServices.axbundle> (not loaded)
2014-06-28 16:16:00.543 Weather[27599:70b] Cannot find executable for CFBundle 0xa73d4c0 </Applications/Xcode.app/Contents/Developer/Platforms/iPhoneSimulator.platform/Developer/SDKs/iPhoneSimulator7.1.sdk/System/Library/AccessibilityBundles/CertUIFramework.axbundle> (not loaded)
2014-06-28 16:16:00.575 Weather[27599:70b] Multi-tasking -> Device: YES, App: YES
2014-06-28 16:16:00.580 Weather[27599:70b] Unlimited access to network resources
2014-06-28 16:16:00.583 Weather[27599:70b] 

Started backup to iCloud! Please be careful.
Your application might rejected by Apple if you store too much data.
For more information please read "iOS Data Storage Guidelines"
You could find it at the following address https://developer.apple.com/icloud/documentation/data-storage/ .

2014-06-28 16:16:00.794 Weather[27599:70b] Resetting plugins due to page load.
2014-06-28 16:16:00.883 Weather[27599:70b] Finished load of: file:///Users/fatih/Library/Application%20Support/iPhone%20Simulator/7.1/Applications/960AC5D8-FA78-4704-80C0-05116501D111/Weather.app/www/index.html#/weather
objc[27848]: Class AXEmojiUtilities is implemented in both /Applications/Xcode.app/Contents/Developer/Platforms/iPhoneSimulator.platform/Developer/SDKs/iPhoneSimulator7.1.sdk/System/Library/PrivateFrameworks/AccessibilityUtilities.framework/AccessibilityUtilities and /Applications/Xcode.app/Contents/Developer/Platforms/iPhoneSimulator.platform/Developer/SDKs/iPhoneSimulator7.1.sdk/usr/lib/libAXSpeechManager.dylib. One of the two will be used. Which one is undefined.
2014-06-28 16:19:39.381 Weather[27848:70b] Cannot find executable for CFBundle 0xb987bc0 </Applications/Xcode.app/Contents/Developer/Platforms/iPhoneSimulator.platform/Developer/SDKs/iPhoneSimulator7.1.sdk/System/Library/AccessibilityBundles/Weather.axbundle> (not loaded)
2014-06-28 16:19:39.392 Weather[27848:70b] Cannot find executable for CFBundle 0xa3a9a10 </Applications/Xcode.app/Contents/Developer/Platforms/iPhoneSimulator.platform/Developer/SDKs/iPhoneSimulator7.1.sdk/System/Library/AccessibilityBundles/CertUIFramework.axbundle> (not loaded)
2014-06-28 16:19:39.396 Weather[27848:70b] Cannot find executable for CFBundle 0xa7a1250 </Applications/Xcode.app/Contents/Developer/Platforms/iPhoneSimulator.platform/Developer/SDKs/iPhoneSimulator7.1.sdk/System/Library/AccessibilityBundles/GeoServices.axbundle> (not loaded)
2014-06-28 16:19:39.422 Weather[27848:70b] Multi-tasking -> Device: YES, App: YES
2014-06-28 16:19:39.430 Weather[27848:70b] Unlimited access to network resources
2014-06-28 16:19:39.433 Weather[27848:70b] 

Started backup to iCloud! Please be careful.
Your application might rejected by Apple if you store too much data.
For more information please read "iOS Data Storage Guidelines"
You could find it at the following address https://developer.apple.com/icloud/documentation/data-storage/ .

2014-06-28 16:19:39.512 Weather[27848:70b] Resetting plugins due to page load.
2014-06-28 16:19:39.577 Weather[27848:70b] Finished load of: file:///Users/fatih/Library/Application%20Support/iPhone%20Simulator/7.1/Applications/960AC5D8-FA78-4704-80C0-05116501D111/Weather.app/www/index.html#/weather
objc[28368]: Class AXEmojiUtilities is implemented in both /Applications/Xcode.app/Contents/Developer/Platforms/iPhoneSimulator.platform/Developer/SDKs/iPhoneSimulator7.1.sdk/System/Library/PrivateFrameworks/AccessibilityUtilities.framework/AccessibilityUtilities and /Applications/Xcode.app/Contents/Developer/Platforms/iPhoneSimulator.platform/Developer/SDKs/iPhoneSimulator7.1.sdk/usr/lib/libAXSpeechManager.dylib. One of the two will be used. Which one is undefined.
2014-06-28 16:33:43.384 Weather[28368:70b] Cannot find executable for CFBundle 0xa54f040 </Applications/Xcode.app/Contents/Developer/Platforms/iPhoneSimulator.platform/Developer/SDKs/iPhoneSimulator7.1.sdk/System/Library/AccessibilityBundles/Weather.axbundle> (not loaded)
2014-06-28 16:33:43.401 Weather[28368:70b] Cannot find executable for CFBundle 0xa578110 </Applications/Xcode.app/Contents/Developer/Platforms/iPhoneSimulator.platform/Developer/SDKs/iPhoneSimulator7.1.sdk/System/Library/AccessibilityBundles/GeoServices.axbundle> (not loaded)
2014-06-28 16:33:43.407 Weather[28368:70b] Cannot find executable for CFBundle 0xb768af0 </Applications/Xcode.app/Contents/Developer/Platforms/iPhoneSimulator.platform/Developer/SDKs/iPhoneSimulator7.1.sdk/System/Library/AccessibilityBundles/CertUIFramework.axbundle> (not loaded)
2014-06-28 16:33:43.434 Weather[28368:70b] Multi-tasking -> Device: YES, App: YES
2014-06-28 16:33:43.439 Weather[28368:70b] Unlimited access to network resources
2014-06-28 16:33:43.441 Weather[28368:70b] 

Started backup to iCloud! Please be careful.
Your application might rejected by Apple if you store too much data.
For more information please read "iOS Data Storage Guidelines"
You could find it at the following address https://developer.apple.com/icloud/documentation/data-storage/ .

2014-06-28 16:33:43.497 Weather[28368:70b] Resetting plugins due to page load.
2014-06-28 16:33:43.552 Weather[28368:70b] Finished load of: file:///Users/fatih/Library/Application%20Support/iPhone%20Simulator/7.1/Applications/960AC5D8-FA78-4704-80C0-05116501D111/Weather.app/www/index.html#/weather
objc[28572]: Class AXEmojiUtilities is implemented in both /Applications/Xcode.app/Contents/Developer/Platforms/iPhoneSimulator.platform/Developer/SDKs/iPhoneSimulator7.1.sdk/System/Library/PrivateFrameworks/AccessibilityUtilities.framework/AccessibilityUtilities and /Applications/Xcode.app/Contents/Developer/Platforms/iPhoneSimulator.platform/Developer/SDKs/iPhoneSimulator7.1.sdk/usr/lib/libAXSpeechManager.dylib. One of the two will be used. Which one is undefined.
2014-06-28 16:33:59.760 Weather[28572:70b] Cannot find executable for CFBundle 0xa550ea0 </Applications/Xcode.app/Contents/Developer/Platforms/iPhoneSimulator.platform/Developer/SDKs/iPhoneSimulator7.1.sdk/System/Library/AccessibilityBundles/Weather.axbundle> (not loaded)
2014-06-28 16:33:59.787 Weather[28572:70b] Cannot find executable for CFBundle 0xa45a100 </Applications/Xcode.app/Contents/Developer/Platforms/iPhoneSimulator.platform/Developer/SDKs/iPhoneSimulator7.1.sdk/System/Library/AccessibilityBundles/GeoServices.axbundle> (not loaded)
2014-06-28 16:33:59.794 Weather[28572:70b] Cannot find executable for CFBundle 0xa45df00 </Applications/Xcode.app/Contents/Developer/Platforms/iPhoneSimulator.platform/Developer/SDKs/iPhoneSimulator7.1.sdk/System/Library/AccessibilityBundles/CertUIFramework.axbundle> (not loaded)
2014-06-28 16:33:59.834 Weather[28572:70b] Multi-tasking -> Device: YES, App: YES
2014-06-28 16:33:59.843 Weather[28572:70b] Unlimited access to network resources
2014-06-28 16:33:59.846 Weather[28572:70b] 

Started backup to iCloud! Please be careful.
Your application might rejected by Apple if you store too much data.
For more information please read "iOS Data Storage Guidelines"
You could find it at the following address https://developer.apple.com/icloud/documentation/data-storage/ .

2014-06-28 16:33:59.979 Weather[28572:70b] Resetting plugins due to page load.
2014-06-28 16:34:00.093 Weather[28572:70b] Finished load of: file:///Users/fatih/Library/Application%20Support/iPhone%20Simulator/7.1/Applications/960AC5D8-FA78-4704-80C0-05116501D111/Weather.app/www/index.html#/weather
objc[28771]: Class AXEmojiUtilities is implemented in both /Applications/Xcode.app/Contents/Developer/Platforms/iPhoneSimulator.platform/Developer/SDKs/iPhoneSimulator7.1.sdk/System/Library/PrivateFrameworks/AccessibilityUtilities.framework/AccessibilityUtilities and /Applications/Xcode.app/Contents/Developer/Platforms/iPhoneSimulator.platform/Developer/SDKs/iPhoneSimulator7.1.sdk/usr/lib/libAXSpeechManager.dylib. One of the two will be used. Which one is undefined.
2014-06-28 16:34:38.975 Weather[28771:70b] Cannot find executable for CFBundle 0xa55ba30 </Applications/Xcode.app/Contents/Developer/Platforms/iPhoneSimulator.platform/Developer/SDKs/iPhoneSimulator7.1.sdk/System/Library/AccessibilityBundles/Weather.axbundle> (not loaded)
2014-06-28 16:34:38.985 Weather[28771:70b] Cannot find executable for CFBundle 0xa55d6a0 </Applications/Xcode.app/Contents/Developer/Platforms/iPhoneSimulator.platform/Developer/SDKs/iPhoneSimulator7.1.sdk/System/Library/AccessibilityBundles/CertUIFramework.axbundle> (not loaded)
2014-06-28 16:34:38.988 Weather[28771:70b] Cannot find executable for CFBundle 0xa375fd0 </Applications/Xcode.app/Contents/Developer/Platforms/iPhoneSimulator.platform/Developer/SDKs/iPhoneSimulator7.1.sdk/System/Library/AccessibilityBundles/GeoServices.axbundle> (not loaded)
2014-06-28 16:34:39.056 Weather[28771:70b] Multi-tasking -> Device: YES, App: YES
2014-06-28 16:34:39.065 Weather[28771:70b] Unlimited access to network resources
2014-06-28 16:34:39.067 Weather[28771:70b] 

Started backup to iCloud! Please be careful.
Your application might rejected by Apple if you store too much data.
For more information please read "iOS Data Storage Guidelines"
You could find it at the following address https://developer.apple.com/icloud/documentation/data-storage/ .

2014-06-28 16:34:39.209 Weather[28771:70b] Resetting plugins due to page load.
2014-06-28 16:34:39.282 Weather[28771:70b] Finished load of: file:///Users/fatih/Library/Application%20Support/iPhone%20Simulator/7.1/Applications/960AC5D8-FA78-4704-80C0-05116501D111/Weather.app/www/index.html#/weather
objc[29137]: Class AXEmojiUtilities is implemented in both /Applications/Xcode.app/Contents/Developer/Platforms/iPhoneSimulator.platform/Developer/SDKs/iPhoneSimulator7.1.sdk/System/Library/PrivateFrameworks/AccessibilityUtilities.framework/AccessibilityUtilities and /Applications/Xcode.app/Contents/Developer/Platforms/iPhoneSimulator.platform/Developer/SDKs/iPhoneSimulator7.1.sdk/usr/lib/libAXSpeechManager.dylib. One of the two will be used. Which one is undefined.
2014-06-28 16:35:20.544 Weather[29137:70b] Cannot find executable for CFBundle 0xa749170 </Applications/Xcode.app/Contents/Developer/Platforms/iPhoneSimulator.platform/Developer/SDKs/iPhoneSimulator7.1.sdk/System/Library/AccessibilityBundles/Weather.axbundle> (not loaded)
2014-06-28 16:35:20.571 Weather[29137:70b] Cannot find executable for CFBundle 0xa923450 </Applications/Xcode.app/Contents/Developer/Platforms/iPhoneSimulator.platform/Developer/SDKs/iPhoneSimulator7.1.sdk/System/Library/AccessibilityBundles/CertUIFramework.axbundle> (not loaded)
2014-06-28 16:35:20.576 Weather[29137:70b] Cannot find executable for CFBundle 0xa32d300 </Applications/Xcode.app/Contents/Developer/Platforms/iPhoneSimulator.platform/Developer/SDKs/iPhoneSimulator7.1.sdk/System/Library/AccessibilityBundles/GeoServices.axbundle> (not loaded)
2014-06-28 16:35:20.617 Weather[29137:70b] Multi-tasking -> Device: YES, App: YES
2014-06-28 16:35:20.626 Weather[29137:70b] Unlimited access to network resources
2014-06-28 16:35:20.630 Weather[29137:70b] 

Started backup to iCloud! Please be careful.
Your application might rejected by Apple if you store too much data.
For more information please read "iOS Data Storage Guidelines"
You could find it at the following address https://developer.apple.com/icloud/documentation/data-storage/ .

2014-06-28 16:35:20.752 Weather[29137:70b] Resetting plugins due to page load.
2014-06-28 16:35:20.848 Weather[29137:70b] Finished load of: file:///Users/fatih/Library/Application%20Support/iPhone%20Simulator/7.1/Applications/960AC5D8-FA78-4704-80C0-05116501D111/Weather.app/www/index.html#/weather
2014-06-28 16:35:24.650 Weather[29137:70b] Failed to load webpage with error: The URL can’t be shown
objc[29613]: Class AXEmojiUtilities is implemented in both /Applications/Xcode.app/Contents/Developer/Platforms/iPhoneSimulator.platform/Developer/SDKs/iPhoneSimulator7.1.sdk/System/Library/PrivateFrameworks/AccessibilityUtilities.framework/AccessibilityUtilities and /Applications/Xcode.app/Contents/Developer/Platforms/iPhoneSimulator.platform/Developer/SDKs/iPhoneSimulator7.1.sdk/usr/lib/libAXSpeechManager.dylib. One of the two will be used. Which one is undefined.
2014-06-28 16:45:22.046 Weather[29613:70b] Cannot find executable for CFBundle 0xa71d250 </Applications/Xcode.app/Contents/Developer/Platforms/iPhoneSimulator.platform/Developer/SDKs/iPhoneSimulator7.1.sdk/System/Library/AccessibilityBundles/Weather.axbundle> (not loaded)
2014-06-28 16:45:22.060 Weather[29613:70b] Cannot find executable for CFBundle 0xa34c3c0 </Applications/Xcode.app/Contents/Developer/Platforms/iPhoneSimulator.platform/Developer/SDKs/iPhoneSimulator7.1.sdk/System/Library/AccessibilityBundles/GeoServices.axbundle> (not loaded)
2014-06-28 16:45:22.063 Weather[29613:70b] Cannot find executable for CFBundle 0xa36bb80 </Applications/Xcode.app/Contents/Developer/Platforms/iPhoneSimulator.platform/Developer/SDKs/iPhoneSimulator7.1.sdk/System/Library/AccessibilityBundles/CertUIFramework.axbundle> (not loaded)
2014-06-28 16:45:22.123 Weather[29613:70b] Multi-tasking -> Device: YES, App: YES
2014-06-28 16:45:22.135 Weather[29613:70b] Unlimited access to network resources
2014-06-28 16:45:22.140 Weather[29613:70b] 

Started backup to iCloud! Please be careful.
Your application might rejected by Apple if you store too much data.
For more information please read "iOS Data Storage Guidelines"
You could find it at the following address https://developer.apple.com/icloud/documentation/data-storage/ .

2014-06-28 16:45:22.287 Weather[29613:70b] Resetting plugins due to page load.
2014-06-28 16:45:22.351 Weather[29613:70b] Finished load of: file:///Users/fatih/Library/Application%20Support/iPhone%20Simulator/7.1/Applications/960AC5D8-FA78-4704-80C0-05116501D111/Weather.app/www/index.html#/weather
objc[29833]: Class AXEmojiUtilities is implemented in both /Applications/Xcode.app/Contents/Developer/Platforms/iPhoneSimulator.platform/Developer/SDKs/iPhoneSimulator7.1.sdk/System/Library/PrivateFrameworks/AccessibilityUtilities.framework/AccessibilityUtilities and /Applications/Xcode.app/Contents/Developer/Platforms/iPhoneSimulator.platform/Developer/SDKs/iPhoneSimulator7.1.sdk/usr/lib/libAXSpeechManager.dylib. One of the two will be used. Which one is undefined.
2014-06-28 16:46:53.591 Weather[29833:70b] Cannot find executable for CFBundle 0xa35de60 </Applications/Xcode.app/Contents/Developer/Platforms/iPhoneSimulator.platform/Developer/SDKs/iPhoneSimulator7.1.sdk/System/Library/AccessibilityBundles/Weather.axbundle> (not loaded)
2014-06-28 16:46:53.608 Weather[29833:70b] Cannot find executable for CFBundle 0xa55b6d0 </Applications/Xcode.app/Contents/Developer/Platforms/iPhoneSimulator.platform/Developer/SDKs/iPhoneSimulator7.1.sdk/System/Library/AccessibilityBundles/CertUIFramework.axbundle> (not loaded)
2014-06-28 16:46:53.616 Weather[29833:70b] Cannot find executable for CFBundle 0xa46e850 </Applications/Xcode.app/Contents/Developer/Platforms/iPhoneSimulator.platform/Developer/SDKs/iPhoneSimulator7.1.sdk/System/Library/AccessibilityBundles/GeoServices.axbundle> (not loaded)
2014-06-28 16:46:53.655 Weather[29833:70b] Multi-tasking -> Device: YES, App: YES
2014-06-28 16:46:53.672 Weather[29833:70b] Unlimited access to network resources
2014-06-28 16:46:53.674 Weather[29833:70b] 

Started backup to iCloud! Please be careful.
Your application might rejected by Apple if you store too much data.
For more information please read "iOS Data Storage Guidelines"
You could find it at the following address https://developer.apple.com/icloud/documentation/data-storage/ .

2014-06-28 16:46:53.791 Weather[29833:70b] Resetting plugins due to page load.
2014-06-28 16:46:53.885 Weather[29833:70b] Finished load of: file:///Users/fatih/Library/Application%20Support/iPhone%20Simulator/7.1/Applications/960AC5D8-FA78-4704-80C0-05116501D111/Weather.app/www/index.html#/weather
objc[30032]: Class AXEmojiUtilities is implemented in both /Applications/Xcode.app/Contents/Developer/Platforms/iPhoneSimulator.platform/Developer/SDKs/iPhoneSimulator7.1.sdk/System/Library/PrivateFrameworks/AccessibilityUtilities.framework/AccessibilityUtilities and /Applications/Xcode.app/Contents/Developer/Platforms/iPhoneSimulator.platform/Developer/SDKs/iPhoneSimulator7.1.sdk/usr/lib/libAXSpeechManager.dylib. One of the two will be used. Which one is undefined.
2014-06-28 16:47:50.268 Weather[30032:70b] Cannot find executable for CFBundle 0xa590c60 </Applications/Xcode.app/Contents/Developer/Platforms/iPhoneSimulator.platform/Developer/SDKs/iPhoneSimulator7.1.sdk/System/Library/AccessibilityBundles/Weather.axbundle> (not loaded)
2014-06-28 16:47:50.282 Weather[30032:70b] Cannot find executable for CFBundle 0xb090cc0 </Applications/Xcode.app/Contents/Developer/Platforms/iPhoneSimulator.platform/Developer/SDKs/iPhoneSimulator7.1.sdk/System/Library/AccessibilityBundles/CertUIFramework.axbundle> (not loaded)
2014-06-28 16:47:50.293 Weather[30032:70b] Cannot find executable for CFBundle 0xa6ae7a0 </Applications/Xcode.app/Contents/Developer/Platforms/iPhoneSimulator.platform/Developer/SDKs/iPhoneSimulator7.1.sdk/System/Library/AccessibilityBundles/GeoServices.axbundle> (not loaded)
2014-06-28 16:47:50.334 Weather[30032:70b] Multi-tasking -> Device: YES, App: YES
2014-06-28 16:47:50.343 Weather[30032:70b] Unlimited access to network resources
2014-06-28 16:47:50.347 Weather[30032:70b] 

Started backup to iCloud! Please be careful.
Your application might rejected by Apple if you store too much data.
For more information please read "iOS Data Storage Guidelines"
You could find it at the following address https://developer.apple.com/icloud/documentation/data-storage/ .

2014-06-28 16:47:50.421 Weather[30032:70b] Resetting plugins due to page load.
2014-06-28 16:47:50.509 Weather[30032:70b] Finished load of: file:///Users/fatih/Library/Application%20Support/iPhone%20Simulator/7.1/Applications/960AC5D8-FA78-4704-80C0-05116501D111/Weather.app/www/index.html#/weather
objc[30240]: Class AXEmojiUtilities is implemented in both /Applications/Xcode.app/Contents/Developer/Platforms/iPhoneSimulator.platform/Developer/SDKs/iPhoneSimulator7.1.sdk/System/Library/PrivateFrameworks/AccessibilityUtilities.framework/AccessibilityUtilities and /Applications/Xcode.app/Contents/Developer/Platforms/iPhoneSimulator.platform/Developer/SDKs/iPhoneSimulator7.1.sdk/usr/lib/libAXSpeechManager.dylib. One of the two will be used. Which one is undefined.
2014-06-28 16:48:36.938 Weather[30240:70b] Cannot find executable for CFBundle 0xb988cb0 </Applications/Xcode.app/Contents/Developer/Platforms/iPhoneSimulator.platform/Developer/SDKs/iPhoneSimulator7.1.sdk/System/Library/AccessibilityBundles/Weather.axbundle> (not loaded)
2014-06-28 16:48:36.953 Weather[30240:70b] Cannot find executable for CFBundle 0xa661b80 </Applications/Xcode.app/Contents/Developer/Platforms/iPhoneSimulator.platform/Developer/SDKs/iPhoneSimulator7.1.sdk/System/Library/AccessibilityBundles/CertUIFramework.axbundle> (not loaded)
2014-06-28 16:48:36.958 Weather[30240:70b] Cannot find executable for CFBundle 0xa67a700 </Applications/Xcode.app/Contents/Developer/Platforms/iPhoneSimulator.platform/Developer/SDKs/iPhoneSimulator7.1.sdk/System/Library/AccessibilityBundles/GeoServices.axbundle> (not loaded)
2014-06-28 16:48:37.029 Weather[30240:70b] Multi-tasking -> Device: YES, App: YES
2014-06-28 16:48:37.037 Weather[30240:70b] Unlimited access to network resources
2014-06-28 16:48:37.040 Weather[30240:70b] 

Started backup to iCloud! Please be careful.
Your application might rejected by Apple if you store too much data.
For more information please read "iOS Data Storage Guidelines"
You could find it at the following address https://developer.apple.com/icloud/documentation/data-storage/ .

2014-06-28 16:48:37.169 Weather[30240:70b] Resetting plugins due to page load.
2014-06-28 16:48:37.260 Weather[30240:70b] Finished load of: file:///Users/fatih/Library/Application%20Support/iPhone%20Simulator/7.1/Applications/960AC5D8-FA78-4704-80C0-05116501D111/Weather.app/www/index.html#/weather
objc[30456]: Class AXEmojiUtilities is implemented in both /Applications/Xcode.app/Contents/Developer/Platforms/iPhoneSimulator.platform/Developer/SDKs/iPhoneSimulator7.1.sdk/System/Library/PrivateFrameworks/AccessibilityUtilities.framework/AccessibilityUtilities and /Applications/Xcode.app/Contents/Developer/Platforms/iPhoneSimulator.platform/Developer/SDKs/iPhoneSimulator7.1.sdk/usr/lib/libAXSpeechManager.dylib. One of the two will be used. Which one is undefined.
2014-06-28 16:52:01.899 Weather[30456:70b] Cannot find executable for CFBundle 0xa73ea20 </Applications/Xcode.app/Contents/Developer/Platforms/iPhoneSimulator.platform/Developer/SDKs/iPhoneSimulator7.1.sdk/System/Library/AccessibilityBundles/Weather.axbundle> (not loaded)
2014-06-28 16:52:01.923 Weather[30456:70b] Cannot find executable for CFBundle 0xa516bc0 </Applications/Xcode.app/Contents/Developer/Platforms/iPhoneSimulator.platform/Developer/SDKs/iPhoneSimulator7.1.sdk/System/Library/AccessibilityBundles/GeoServices.axbundle> (not loaded)
2014-06-28 16:52:01.929 Weather[30456:70b] Cannot find executable for CFBundle 0xa83a8d0 </Applications/Xcode.app/Contents/Developer/Platforms/iPhoneSimulator.platform/Developer/SDKs/iPhoneSimulator7.1.sdk/System/Library/AccessibilityBundles/CertUIFramework.axbundle> (not loaded)
2014-06-28 16:52:01.982 Weather[30456:70b] Multi-tasking -> Device: YES, App: YES
2014-06-28 16:52:01.988 Weather[30456:70b] Unlimited access to network resources
2014-06-28 16:52:01.990 Weather[30456:70b] 

Started backup to iCloud! Please be careful.
Your application might rejected by Apple if you store too much data.
For more information please read "iOS Data Storage Guidelines"
You could find it at the following address https://developer.apple.com/icloud/documentation/data-storage/ .

2014-06-28 16:52:02.127 Weather[30456:70b] Resetting plugins due to page load.
2014-06-28 16:52:02.218 Weather[30456:70b] Finished load of: file:///Users/fatih/Library/Application%20Support/iPhone%20Simulator/7.1/Applications/960AC5D8-FA78-4704-80C0-05116501D111/Weather.app/www/index.html#/weather
objc[30775]: Class AXEmojiUtilities is implemented in both /Applications/Xcode.app/Contents/Developer/Platforms/iPhoneSimulator.platform/Developer/SDKs/iPhoneSimulator7.1.sdk/System/Library/PrivateFrameworks/AccessibilityUtilities.framework/AccessibilityUtilities and /Applications/Xcode.app/Contents/Developer/Platforms/iPhoneSimulator.platform/Developer/SDKs/iPhoneSimulator7.1.sdk/usr/lib/libAXSpeechManager.dylib. One of the two will be used. Which one is undefined.
2014-06-28 16:54:21.559 Weather[30775:70b] Cannot find executable for CFBundle 0xa63f970 </Applications/Xcode.app/Contents/Developer/Platforms/iPhoneSimulator.platform/Developer/SDKs/iPhoneSimulator7.1.sdk/System/Library/AccessibilityBundles/Weather.axbundle> (not loaded)
2014-06-28 16:54:21.580 Weather[30775:70b] Cannot find executable for CFBundle 0xa837760 </Applications/Xcode.app/Contents/Developer/Platforms/iPhoneSimulator.platform/Developer/SDKs/iPhoneSimulator7.1.sdk/System/Library/AccessibilityBundles/GeoServices.axbundle> (not loaded)
2014-06-28 16:54:21.584 Weather[30775:70b] Cannot find executable for CFBundle 0xa551250 </Applications/Xcode.app/Contents/Developer/Platforms/iPhoneSimulator.platform/Developer/SDKs/iPhoneSimulator7.1.sdk/System/Library/AccessibilityBundles/CertUIFramework.axbundle> (not loaded)
2014-06-28 16:54:21.662 Weather[30775:70b] Multi-tasking -> Device: YES, App: YES
2014-06-28 16:54:21.682 Weather[30775:70b] Unlimited access to network resources
2014-06-28 16:54:21.685 Weather[30775:70b] 

Started backup to iCloud! Please be careful.
Your application might rejected by Apple if you store too much data.
For more information please read "iOS Data Storage Guidelines"
You could find it at the following address https://developer.apple.com/icloud/documentation/data-storage/ .

2014-06-28 16:54:21.818 Weather[30775:70b] Resetting plugins due to page load.
2014-06-28 16:54:21.981 Weather[30775:70b] Finished load of: file:///Users/fatih/Library/Application%20Support/iPhone%20Simulator/7.1/Applications/960AC5D8-FA78-4704-80C0-05116501D111/Weather.app/www/index.html#/weather
